Assuming unrestricted shared filesystem usage.
host: sv168566-FWN179KHR9.local
Building DAG of jobs...
Using shell: /bin/bash
Provided cores: 1 (use --cores to define parallelism)
Rules claiming more threads will be scaled down.
Job stats:
job           count
----------  -------
preprocess        1
total             1

Select jobs to execute...
Execute 1 jobs...
[Mon Jan  5 11:40:53 2026]
localrule preprocess:
    input: data/raw/phenotypes.csv, data/raw/trial_metadata.csv, data/raw/genotypes_from_local.csv
    output: data/processed/pheno_clean.csv, data/processed/env_descriptors.csv, data/processed/geno_imputed.csv, data/processed/G_matrix.npz
    jobid: 0
    reason: Missing output files: data/processed/geno_imputed.csv, data/processed/pheno_clean.csv, data/processed/G_matrix.npz, data/processed/env_descriptors.csv
    resources: tmpdir=/var/folders/4b/85bnskg11gx8qwl4wzkw0ghw0000gn/T
Shell command: python src/preprocess_data.py
[Mon Jan  5 11:40:54 2026]
Finished jobid: 0 (Rule: preprocess)
1 of 1 steps (100%) done
Complete log(s): /Users/emilybillow/Desktop/emilybillow.github.io/.snakemake/log/2026-01-05T114053.183668.snakemake.log
