Assuming unrestricted shared filesystem usage.
host: sv168566-FWN179KHR9.local
Building DAG of jobs...
Using shell: /bin/bash
Provided cores: 1 (use --cores to define parallelism)
Rules claiming more threads will be scaled down.
Job stats:
job         count
--------  -------
modeling        1
total           1

Select jobs to execute...
Execute 1 jobs...
[Mon Jan  5 11:40:55 2026]
localrule modeling:
    input: data/processed/pheno_clean.csv, data/processed/env_descriptors.csv, data/processed/geno_imputed.csv, data/processed/G_matrix.npz, config.yaml
    output: submission_output/AWY1_DVPWA_2024/CV0/CV0accessions.csv, submission_output/AWY1_DVPWA_2024/CV0/CV0trials.csv, submission_output/AWY1_DVPWA_2024/CV0/CV0predictions.csv, submission_output/AWY1_DVPWA_2024/CV00/CV00accessions.csv, submission_output/AWY1_DVPWA_2024/CV00/CV00trials.csv, submission_output/AWY1_DVPWA_2024/CV00/CV00predictions.csv, submission_output/TCAP_2025_MANKS/CV0/CV0accessions.csv, submission_output/TCAP_2025_MANKS/CV0/CV0trials.csv, submission_output/TCAP_2025_MANKS/CV0/CV0predictions.csv, submission_output/TCAP_2025_MANKS/CV00/CV00accessions.csv, submission_output/TCAP_2025_MANKS/CV00/CV00trials.csv, submission_output/TCAP_2025_MANKS/CV00/CV00predictions.csv, submission_output/25_Big6_SVREC_SVREC/CV0/CV0accessions.csv, submission_output/25_Big6_SVREC_SVREC/CV0/CV0trials.csv, submission_output/25_Big6_SVREC_SVREC/CV0/CV0predictions.csv, submission_output/25_Big6_SVREC_SVREC/CV00/CV00accessions.csv, submission_output/25_Big6_SVREC_SVREC/CV00/CV00trials.csv, submission_output/25_Big6_SVREC_SVREC/CV00/CV00predictions.csv, submission_output/OHRWW_2025_SPO/CV0/CV0accessions.csv, submission_output/OHRWW_2025_SPO/CV0/CV0trials.csv, submission_output/OHRWW_2025_SPO/CV0/CV0predictions.csv, submission_output/OHRWW_2025_SPO/CV00/CV00accessions.csv, submission_output/OHRWW_2025_SPO/CV00/CV00trials.csv, submission_output/OHRWW_2025_SPO/CV00/CV00predictions.csv, submission_output/CornellMaster_2025_McGowan/CV0/CV0accessions.csv, submission_output/CornellMaster_2025_McGowan/CV0/CV0trials.csv, submission_output/CornellMaster_2025_McGowan/CV0/CV0predictions.csv, submission_output/CornellMaster_2025_McGowan/CV00/CV00accessions.csv, submission_output/CornellMaster_2025_McGowan/CV00/CV00trials.csv, submission_output/CornellMaster_2025_McGowan/CV00/CV00predictions.csv, submission_output/24Crk_AY2-3/CV0/CV0accessions.csv, submission_output/24Crk_AY2-3/CV0/CV0trials.csv, submission_output/24Crk_AY2-3/CV0/CV0predictions.csv, submission_output/24Crk_AY2-3/CV00/CV00accessions.csv, submission_output/24Crk_AY2-3/CV00/CV00trials.csv, submission_output/24Crk_AY2-3/CV00/CV00predictions.csv, submission_output/2025_AYT_Aurora/CV0/CV0accessions.csv, submission_output/2025_AYT_Aurora/CV0/CV0trials.csv, submission_output/2025_AYT_Aurora/CV0/CV0predictions.csv, submission_output/2025_AYT_Aurora/CV00/CV00accessions.csv, submission_output/2025_AYT_Aurora/CV00/CV00trials.csv, submission_output/2025_AYT_Aurora/CV00/CV00predictions.csv, submission_output/YT_Urb_25/CV0/CV0accessions.csv, submission_output/YT_Urb_25/CV0/CV0trials.csv, submission_output/YT_Urb_25/CV0/CV0predictions.csv, submission_output/YT_Urb_25/CV00/CV00accessions.csv, submission_output/YT_Urb_25/CV00/CV00trials.csv, submission_output/YT_Urb_25/CV00/CV00predictions.csv, submission_output/STP1_2025_MCG/CV0/CV0accessions.csv, submission_output/STP1_2025_MCG/CV0/CV0trials.csv, submission_output/STP1_2025_MCG/CV0/CV0predictions.csv, submission_output/STP1_2025_MCG/CV00/CV00accessions.csv, submission_output/STP1_2025_MCG/CV00/CV00trials.csv, submission_output/STP1_2025_MCG/CV00/CV00predictions.csv
    jobid: 0
    reason: Missing output files: submission_output/25_Big6_SVREC_SVREC/CV00/CV00predictions.csv, submission_output/CornellMaster_2025_McGowan/CV0/CV0accessions.csv, submission_output/OHRWW_2025_SPO/CV00/CV00accessions.csv, submission_output/STP1_2025_MCG/CV0/CV0accessions.csv, submission_output/25_Big6_SVREC_SVREC/CV0/CV0predictions.csv, submission_output/2025_AYT_Aurora/CV00/CV00accessions.csv, submission_output/OHRWW_2025_SPO/CV0/CV0accessions.csv, submission_output/25_Big6_SVREC_SVREC/CV00/CV00trials.csv, submission_output/2025_AYT_Aurora/CV0/CV0trials.csv, submission_output/TCAP_2025_MANKS/CV0/CV0accessions.csv, submission_output/TCAP_2025_MANKS/CV00/CV00accessions.csv, submission_output/AWY1_DVPWA_2024/CV00/CV00predictions.csv, submission_output/24Crk_AY2-3/CV00/CV00predictions.csv, submission_output/24Crk_AY2-3/CV00/CV00trials.csv, submission_output/2025_AYT_Aurora/CV00/CV00trials.csv, submission_output/24Crk_AY2-3/CV0/CV0accessions.csv, submission_output/YT_Urb_25/CV0/CV0predictions.csv, submission_output/2025_AYT_Aurora/CV0/CV0predictions.csv, submission_output/25_Big6_SVREC_SVREC/CV0/CV0trials.csv, submission_output/OHRWW_2025_SPO/CV00/CV00predictions.csv, submission_output/STP1_2025_MCG/CV00/CV00predictions.csv, submission_output/CornellMaster_2025_McGowan/CV0/CV0trials.csv, submission_output/YT_Urb_25/CV0/CV0trials.csv, submission_output/CornellMaster_2025_McGowan/CV0/CV0predictions.csv, submission_output/STP1_2025_MCG/CV00/CV00accessions.csv, submission_output/TCAP_2025_MANKS/CV0/CV0predictions.csv, submission_output/24Crk_AY2-3/CV00/CV00accessions.csv, submission_output/2025_AYT_Aurora/CV0/CV0accessions.csv, submission_output/2025_AYT_Aurora/CV00/CV00predictions.csv, submission_output/YT_Urb_25/CV00/CV00predictions.csv, submission_output/OHRWW_2025_SPO/CV0/CV0predictions.csv, submission_output/AWY1_DVPWA_2024/CV00/CV00accessions.csv, submission_output/24Crk_AY2-3/CV0/CV0trials.csv, submission_output/AWY1_DVPWA_2024/CV0/CV0trials.csv, submission_output/OHRWW_2025_SPO/CV0/CV0trials.csv, submission_output/AWY1_DVPWA_2024/CV0/CV0predictions.csv, submission_output/TCAP_2025_MANKS/CV00/CV00predictions.csv, submission_output/TCAP_2025_MANKS/CV0/CV0trials.csv, submission_output/24Crk_AY2-3/CV0/CV0predictions.csv, submission_output/25_Big6_SVREC_SVREC/CV00/CV00accessions.csv, submission_output/YT_Urb_25/CV00/CV00accessions.csv, submission_output/CornellMaster_2025_McGowan/CV00/CV00predictions.csv, submission_output/TCAP_2025_MANKS/CV00/CV00trials.csv, submission_output/YT_Urb_25/CV0/CV0accessions.csv, submission_output/AWY1_DVPWA_2024/CV0/CV0accessions.csv, submission_output/OHRWW_2025_SPO/CV00/CV00trials.csv, submission_output/25_Big6_SVREC_SVREC/CV0/CV0accessions.csv, submission_output/CornellMaster_2025_McGowan/CV00/CV00trials.csv, submission_output/CornellMaster_2025_McGowan/CV00/CV00accessions.csv, submission_output/STP1_2025_MCG/CV0/CV0trials.csv, submission_output/STP1_2025_MCG/CV0/CV0predictions.csv, submission_output/STP1_2025_MCG/CV00/CV00trials.csv, submission_output/AWY1_DVPWA_2024/CV00/CV00trials.csv, submission_output/YT_Urb_25/CV00/CV00trials.csv
    resources: tmpdir=/var/folders/4b/85bnskg11gx8qwl4wzkw0ghw0000gn/T
Shell command: python src/main.py
[Mon Jan  5 11:40:56 2026]
Finished jobid: 0 (Rule: modeling)
1 of 1 steps (100%) done
Complete log(s): /Users/emilybillow/Desktop/emilybillow.github.io/.snakemake/log/2026-01-05T114055.520925.snakemake.log
